638839284
643369092
196993159
646136490
641741760
643443078
642864053
643984647
645692967
643484531
645226264
641991731
573435640
644888215
645756673
644793029
638324115
645614426
639673680
645644586
645366010
645339663
643494688
645792996
641730068
641692388
642231925
644202934
644242992
644353889
646180643
646084901
640912660
642233235
644846664
642118363
643690584
641919599
646258544
644284874
646123430
639890325
642334110
645539260
638769025
645745426
641003662
646251937
641201763
644041307
645352877
645563151
645237641
642915496
645035852
642217730
645605214
645632775
645674916
645356006
643178312
644943071
641561665
345736039
642964660
643686741
646399166
642088635
644328295
644541433
646224455
645117265
644627814
645697986
644227151
643507344
644741729
349476999
642802546
645809958
642830038
525306319
644026696
85424165
639691474
643231463
643873722
643892618
644005850
642875211
643030230
639789389
640050083
643841853
641451422
644041256
644201505
644594476
645387053
641160025
